make all --print-data-base --no-builtin-variables --no-builtin-rules --question
# GNU Make 4.3
# Built for x86_64-pc-linux-gnu
# Copyright (C) 1988-2020 Free Software Foundation, Inc.
# License GPLv3+: GNU GPL version 3 or later <http://gnu.org/licenses/gpl.html>
# This is free software: you are free to change and redistribute it.
# There is NO WARRANTY, to the extent permitted by law.

# Make data base, printed on Fri Jul 22 21:15:59 2022

# Variables

# environment
GDK_BACKEND = x11
# makefile (from 'Makefile', line 20)
OUTPUT := output/c4chess
# environment
LC_ALL = C
# makefile (from 'Makefile', line 11)
SOURCE_CHESS := source/chess/core.c source/chess/middle.c source/chess/chess.c source/chess/dot.c source/chess/event.c source/chess/fen.c source/chess/archive.c
# environment
VSCODE_CWD = /home/waifro
# environment
WAYLAND_DISPLAY_LOW_DENSITY = wayland-1
# makefile (from 'Makefile', line 23)
LIBS := -lSDL2 -lSDL2_ttf -lSDL2_image
# default
MAKE_COMMAND := make
# environment
QT_ACCESSIBILITY = 1
# automatic
@D = $(patsubst %/,%,$(dir $@))
# environment
VSCODE_HANDLES_UNCAUGHT_ERRORS = true
# default
.VARIABLES := 
# environment
PWD = /home/waifro/Progetti/c4chess
# automatic
%D = $(patsubst %/,%,$(dir $%))
# environment
XDG_DATA_DIRS = /home/waifro/.local/share:/home/waifro/.local/share/flatpak/exports/share:/var/lib/flatpak/exports/share:/usr/local/share:/usr/share
# automatic
^D = $(patsubst %/,%,$(dir $^))
# automatic
%F = $(notdir $%)
# environment
VSCODE_CODE_CACHE_PATH = /home/waifro/.config/Code/CachedData/b06ae3b2d2dbfe28bca3134cc6be65935cdfea6a
# environment
LANG = C
# default
.LOADED := 
# default
.INCLUDE_DIRS = /usr/local/include /usr/include /usr/include
# makefile
MAKEFLAGS = pqrR
# makefile
CURDIR := /home/waifro/Progetti/c4chess
# environment
APPLICATION_INSIGHTS_NO_DIAGNOSTIC_CHANNEL = 1
# automatic
*D = $(patsubst %/,%,$(dir $*))
# environment
MFLAGS = -pqrR
# default
.SHELLFLAGS := -c
# environment
SOMMELIER_GLAMOR = 1
# environment
WAYLAND_DISPLAY = wayland-0
# automatic
+D = $(patsubst %/,%,$(dir $+))
# makefile (from 'Makefile', line 18)
ODIR := output
# environment
XCURSOR_THEME = Adwaita
# makefile (from 'Makefile', line 1)
MAKEFILE_LIST := Makefile
# automatic
@F = $(notdir $@)
# makefile (from 'Makefile', line 22)
DEP_PP4M := source/pp4m/pp4m.c source/pp4m/pp4m_io.c source/pp4m/pp4m_draw.c source/pp4m/pp4m_image.c source/pp4m/pp4m_ttf.c source/pp4m/pp4m_net.c source/pp4m/pp4m_input.c
# environment
VSCODE_PID = 274
# automatic
?D = $(patsubst %/,%,$(dir $?))
# automatic
*F = $(notdir $*)
# environment
QT_QPA_PLATFORMTHEME = gtk2
# environment
CHROME_DESKTOP = code-url-handler.desktop
# environment
DBUS_SESSION_BUS_ADDRESS = unix:path=/run/user/1000/bus
# automatic
<D = $(patsubst %/,%,$(dir $<))
# environment
VSCODE_NLS_CONFIG = {"locale":"en-us","availableLanguages":{},"_languagePackSupport":true}
# makefile (from 'Makefile', line 16)
SOURCE_PROJECT := source/main.c source/global.c source/config.c source/mman.c source/lang.c source/gen.c source/animation/animation.c source/chess/core.c source/chess/middle.c source/chess/chess.c source/chess/dot.c source/chess/event.c source/chess/fen.c source/chess/archive.c source/dashboard/gui.c source/dashboard/gui_alias.c source/dashboard/menu.c source/dashboard/popup.c source/dashboard/ingame.c source/network/net.c source/network/net_utils.c source/network/send.c source/network/recv.c source/network/client.c source/network/server.c source/network/lobby.c source/security/sec.c source/security/debug.c
# default
MAKE_HOST := x86_64-pc-linux-gnu
# makefile
SHELL = /bin/sh
# default
MAKECMDGOALS := all
# environment
SHLVL = 0
# makefile (from 'Makefile', line 14)
SOURCE_SECURITY := source/security/sec.c source/security/debug.c
# makefile (from 'Makefile', line 13)
SOURCE_NETWORK := source/network/net.c source/network/net_utils.c source/network/send.c source/network/recv.c source/network/client.c source/network/server.c source/network/lobby.c
# makefile (from 'Makefile', line 10)
SOURCE_ANIMATION := source/animation/animation.c
# environment
MAKELEVEL := 0
# default
MAKE = $(MAKE_COMMAND)
# environment
LD_ARGV0_REL = ../bin/garcon
# environment
PATH = /usr/local/bin:/usr/bin:/bin:/usr/local/games:/usr/games
# default
MAKEFILES := 
# environment
XCURSOR_SIZE_LOW_DENSITY = 12
# makefile (from 'Makefile', line 7)
SANITIZE := -O0 -g 
# automatic
^F = $(notdir $^)
# environment
INVOCATION_ID = a9bca9a5535944e3842ced65c5eda694
# environment
XDG_CONFIG_HOME = /home/waifro/.config
# makefile (from 'Makefile', line 12)
SOURCE_DASHBOARD := source/dashboard/gui.c source/dashboard/gui_alias.c source/dashboard/menu.c source/dashboard/popup.c source/dashboard/ingame.c
# environment
SOMMELIER_VERSION = 0.20
# automatic
?F = $(notdir $?)
# environment
LS_COLORS = 
# automatic
+F = $(notdir $+)
# environment
ORIGINAL_XDG_CURRENT_DESKTOP = undefined
# 'override' directive
GNUMAKEFLAGS := 
# environment
BROWSER = /usr/bin/garcon-url-handler
# environment
LOGNAME = waifro
# makefile
.DEFAULT_GOAL := Release
# environment
DISPLAY = :0
# environment
USER = waifro
# default
MAKE_VERSION := 4.3
# 'override' directive
.SHELLSTATUS := 1
# environment
MANAGERPID = 131
# environment
NCURSES_NO_UTF8_ACS = 1
# environment
SOMMELIER_DRM_DEVICE = /dev/dri/renderD128
# makefile (from 'Makefile', line 19)
dummy_build_folder := 
# environment
_ = /usr/share/code/code
# environment
XDG_RUNTIME_DIR = /run/user/1000
# environment
DISPLAY_LOW_DENSITY = :1
# environment
JOURNAL_STREAM = 9:19113
# environment
VSCODE_AMD_ENTRYPOINT = vs/workbench/api/node/extensionHostProcess
# environment
HOME = /home/waifro
# makefile (from 'Makefile', line 9)
SOURCE_MAIN := source/main.c source/global.c source/config.c source/mman.c source/lang.c source/gen.c
# environment
ELECTRON_RUN_AS_NODE = 1
# environment
VSCODE_IPC_HOOK = /run/user/1000/vscode-0b094071-1.69.1-main.sock
# environment
XCURSOR_SIZE = 24
# default
.RECIPEPREFIX := 
# automatic
<F = $(notdir $<)
# default
SUFFIXES := 
# environment
QT_AUTO_SCREEN_SCALE_FACTOR = 1
# default
.FEATURES := target-specific order-only second-expansion else-if shortest-stem undefine oneshell nocomment grouped-target extra-prereqs archives jobserver output-sync check-symlink load
# variable set hash-table stats:
# Load=94/1024=9%, Rehash=0, Collisions=2/150=1%

# Pattern-specific Variable Values

# No pattern-specific variable values.

# Directories

# . (device 50, inode 44625): 18 files, no impossibilities.

# 18 files, no impossibilities in 1 directories.

# Implicit Rules

# No implicit rules.

# Files

# Not a target:
source/security/debug.c:
#  Implicit rule search has been done.
#  Last modified 2022-07-17 19:16:59.513031833
#  File has been updated.
#  Successfully updated.

# Not a target:
source/pp4m/pp4m_image.c:
#  Implicit rule search has been done.
#  Last modified 2022-07-17 19:18:23.446032801
#  File has been updated.
#  Successfully updated.

# Not a target:
source/dashboard/popup.c:
#  Implicit rule search has been done.
#  Last modified 2022-07-17 19:16:59.507031833
#  File has been updated.
#  Successfully updated.

# Not a target:
source/pp4m/pp4m_input.c:
#  Implicit rule search has been done.
#  Last modified 2022-07-17 19:18:23.447032801
#  File has been updated.
#  Successfully updated.

# Not a target:
source/dashboard/ingame.c:
#  Implicit rule search has been done.
#  Last modified 2022-07-21 20:35:45.686108937
#  File has been updated.
#  Successfully updated.

# Not a target:
source/pp4m/pp4m_io.c:
#  Implicit rule search has been done.
#  Last modified 2022-07-17 19:18:23.448032801
#  File has been updated.
#  Successfully updated.

# Not a target:
source/pp4m/pp4m_ttf.c:
#  Implicit rule search has been done.
#  Last modified 2022-07-17 19:18:23.450032801
#  File has been updated.
#  Successfully updated.

# Not a target:
source/chess/fen.c:
#  Implicit rule search has been done.
#  Last modified 2022-07-17 19:16:59.505031833
#  File has been updated.
#  Successfully updated.

# Not a target:
source/network/client.c:
#  Implicit rule search has been done.
#  Last modified 2022-07-17 19:16:59.510031833
#  File has been updated.
#  Successfully updated.

 
mkdir: cannot create directory 'output': File exists

# Not a target:
source/gen.c:
#  Implicit rule search has been done.
#  Last modified 2022-07-17 19:16:59.508031833
#  File has been updated.
#  Successfully updated.

# Not a target:
Makefile:
#  Implicit rule search has been done.
#  Last modified 2022-07-17 20:08:42.477951744
#  File has been updated.
#  Successfully updated.

# Not a target:
source/dashboard/menu.c:
#  Implicit rule search has been done.
#  Last modified 2022-07-17 19:16:59.507031833
#  File has been updated.
#  Successfully updated.

# Not a target:
source/mman.c:
#  Implicit rule search has been done.
#  Last modified 2022-07-17 19:16:59.510031833
#  File has been updated.
#  Successfully updated.

# Not a target:
source/chess/middle.c:
#  Implicit rule search has been done.
#  Last modified 2022-07-17 19:16:59.505031833
#  File has been updated.
#  Successfully updated.

clean:
#  Implicit rule search has not been done.
#  Modification time never checked.
#  File has not been updated.
#  recipe to execute (from 'Makefile', line 32):
	rm *.o $(OUTPUT)

# Not a target:
source/main.c:
#  Implicit rule search has been done.
#  Last modified 2022-07-17 19:16:59.510031833
#  File has been updated.
#  Successfully updated.

# Not a target:
source/chess/chess.c:
#  Implicit rule search has been done.
#  Last modified 2022-07-17 19:16:59.502031833
#  File has been updated.
#  Successfully updated.

# Not a target:
source/animation/animation.c:
#  Implicit rule search has been done.
#  Last modified 2022-07-17 19:16:59.501031833
#  File has been updated.
#  Successfully updated.

# Not a target:
source/security/sec.c:
#  Implicit rule search has been done.
#  Last modified 2022-07-17 19:16:59.513031833
#  File has been updated.
#  Successfully updated.

# Not a target:
source/network/net.c:
#  Implicit rule search has been done.
#  Last modified 2022-07-17 19:16:59.511031833
#  File has been updated.
#  Successfully updated.

# Not a target:
source/chess/dot.c:
#  Implicit rule search has been done.
#  Last modified 2022-07-17 19:16:59.504031833
#  File has been updated.
#  Successfully updated.

# Not a target:
source/global.c:
#  Implicit rule search has been done.
#  Last modified 2022-07-17 19:16:59.509031833
#  File has been updated.
#  Successfully updated.

# Not a target:
source/dashboard/gui.c:
#  Implicit rule search has been done.
#  Last modified 2022-07-21 20:58:23.106065901
#  File has been updated.
#  Successfully updated.

# Not a target:
source/network/server.c:
#  Implicit rule search has been done.
#  Last modified 2022-07-17 19:16:59.512031833
#  File has been updated.
#  Successfully updated.

# Not a target:
source/chess/core.c:
#  Implicit rule search has been done.
#  Last modified 2022-07-17 19:16:59.503031833
#  File has been updated.
#  Successfully updated.

# Not a target:
.DEFAULT:
#  Implicit rule search has not been done.
#  Modification time never checked.
#  File has not been updated.

all: source/main.c source/global.c source/config.c source/mman.c source/lang.c source/gen.c source/animation/animation.c source/chess/core.c source/chess/middle.c source/chess/chess.c source/chess/dot.c source/chess/event.c source/chess/fen.c source/chess/archive.c source/dashboard/gui.c source/dashboard/gui_alias.c source/dashboard/menu.c source/dashboard/popup.c source/dashboard/ingame.c source/network/net.c source/network/net_utils.c source/network/send.c source/network/recv.c source/network/client.c source/network/server.c source/network/lobby.c source/security/sec.c source/security/debug.c source/pp4m/pp4m.c source/pp4m/pp4m_io.c source/pp4m/pp4m_draw.c source/pp4m/pp4m_image.c source/pp4m/pp4m_ttf.c source/pp4m/pp4m_net.c source/pp4m/pp4m_input.c
#  Command line target.
#  Implicit rule search has not been done.
#  Implicit/static pattern stem: ''
#  File does not exist.
#  File has been updated.
#  Needs to be updated (-q is set).
# automatic
# @ := all
# automatic
# * := 
# automatic
# < := source/main.c
# automatic
# + := source/main.c source/global.c source/config.c source/mman.c source/lang.c source/gen.c source/animation/animation.c source/chess/core.c source/chess/middle.c source/chess/chess.c source/chess/dot.c source/chess/event.c source/chess/fen.c source/chess/archive.c source/dashboard/gui.c source/dashboard/gui_alias.c source/dashboard/menu.c source/dashboard/popup.c source/dashboard/ingame.c source/network/net.c source/network/net_utils.c source/network/send.c source/network/recv.c source/network/client.c source/network/server.c source/network/lobby.c source/security/sec.c source/security/debug.c source/pp4m/pp4m.c source/pp4m/pp4m_io.c source/pp4m/pp4m_draw.c source/pp4m/pp4m_image.c source/pp4m/pp4m_ttf.c source/pp4m/pp4m_net.c source/pp4m/pp4m_input.c
# automatic
# % := 
# automatic
# ^ := source/main.c source/global.c source/config.c source/mman.c source/lang.c source/gen.c source/animation/animation.c source/chess/core.c source/chess/middle.c source/chess/chess.c source/chess/dot.c source/chess/event.c source/chess/fen.c source/chess/archive.c source/dashboard/gui.c source/dashboard/gui_alias.c source/dashboard/menu.c source/dashboard/popup.c source/dashboard/ingame.c source/network/net.c source/network/net_utils.c source/network/send.c source/network/recv.c source/network/client.c source/network/server.c source/network/lobby.c source/security/sec.c source/security/debug.c source/pp4m/pp4m.c source/pp4m/pp4m_io.c source/pp4m/pp4m_draw.c source/pp4m/pp4m_image.c source/pp4m/pp4m_ttf.c source/pp4m/pp4m_net.c source/pp4m/pp4m_input.c
# automatic
# ? := source/main.c source/global.c source/config.c source/mman.c source/lang.c source/gen.c source/animation/animation.c source/chess/core.c source/chess/middle.c source/chess/chess.c source/chess/dot.c source/chess/event.c source/chess/fen.c source/chess/archive.c source/dashboard/gui.c source/dashboard/gui_alias.c source/dashboard/menu.c source/dashboard/popup.c source/dashboard/ingame.c source/network/net.c source/network/net_utils.c source/network/send.c source/network/recv.c source/network/client.c source/network/server.c source/network/lobby.c source/security/sec.c source/security/debug.c source/pp4m/pp4m.c source/pp4m/pp4m_io.c source/pp4m/pp4m_draw.c source/pp4m/pp4m_image.c source/pp4m/pp4m_ttf.c source/pp4m/pp4m_net.c source/pp4m/pp4m_input.c
# automatic
# | := 
# variable set hash-table stats:
# Load=8/32=25%, Rehash=0, Collisions=5/18=28%
#  recipe to execute (from 'Makefile', line 29):
	gcc $(SOURCE_PROJECT) $(DEP_PP4M) $(sdl2-config --cflags) $(LIBMMAN) -Wmsvc-not-found -Wall -Wextra $(SANITIZE) $(LIBS) -o $(OUTPUT)

Release: source/main.c source/global.c source/config.c source/mman.c source/lang.c source/gen.c source/animation/animation.c source/chess/core.c source/chess/middle.c source/chess/chess.c source/chess/dot.c source/chess/event.c source/chess/fen.c source/chess/archive.c source/dashboard/gui.c source/dashboard/gui_alias.c source/dashboard/menu.c source/dashboard/popup.c source/dashboard/ingame.c source/network/net.c source/network/net_utils.c source/network/send.c source/network/recv.c source/network/client.c source/network/server.c source/network/lobby.c source/security/sec.c source/security/debug.c source/pp4m/pp4m.c source/pp4m/pp4m_io.c source/pp4m/pp4m_draw.c source/pp4m/pp4m_image.c source/pp4m/pp4m_ttf.c source/pp4m/pp4m_net.c source/pp4m/pp4m_input.c
#  Implicit rule search has not been done.
#  Modification time never checked.
#  File has not been updated.
#  recipe to execute (from 'Makefile', line 26):
	gcc $(SOURCE_PROJECT) $(DEP_PP4M) $(sdl2-config --cflags) $(LIBMMAN) -Wall -Wextra $(SANITIZE) $(LIBS) -o $(OUTPUT)

# Not a target:
source/network/recv.c:
#  Implicit rule search has been done.
#  Last modified 2022-07-17 19:16:59.511031833
#  File has been updated.
#  Successfully updated.

# Not a target:
source/chess/event.c:
#  Implicit rule search has been done.
#  Last modified 2022-07-17 19:16:59.504031833
#  File has been updated.
#  Successfully updated.

# Not a target:
source/lang.c:
#  Implicit rule search has been done.
#  Last modified 2022-07-17 19:16:59.509031833
#  File has been updated.
#  Successfully updated.

# Not a target:
source/pp4m/pp4m.c:
#  Implicit rule search has been done.
#  Last modified 2022-07-17 19:18:23.443032801
#  File has been updated.
#  Successfully updated.

# Not a target:
source/network/net_utils.c:
#  Implicit rule search has been done.
#  Last modified 2022-07-17 19:16:59.511031833
#  File has been updated.
#  Successfully updated.

# Not a target:
source/chess/archive.c:
#  Implicit rule search has been done.
#  Last modified 2022-07-17 19:16:59.502031833
#  File has been updated.
#  Successfully updated.

# Not a target:
.SUFFIXES:
#  Implicit rule search has not been done.
#  Modification time never checked.
#  File has not been updated.

# Not a target:
source/config.c:
#  Implicit rule search has been done.
#  Last modified 2022-07-17 19:16:59.505031833
#  File has been updated.
#  Successfully updated.

# Not a target:
source/network/lobby.c:
#  Implicit rule search has been done.
#  Last modified 2022-07-17 19:16:59.511031833
#  File has been updated.
#  Successfully updated.

# Not a target:
source/pp4m/pp4m_draw.c:
#  Implicit rule search has been done.
#  Last modified 2022-07-17 19:18:23.445032801
#  File has been updated.
#  Successfully updated.

# Not a target:
source/pp4m/pp4m_net.c:
#  Implicit rule search has been done.
#  Last modified 2022-07-17 19:18:23.449032801
#  File has been updated.
#  Successfully updated.

# Not a target:
source/dashboard/gui_alias.c:
#  Implicit rule search has been done.
#  Last modified 2022-07-21 21:11:23.945041145
#  File has been updated.
#  Successfully updated.

# Not a target:
source/network/send.c:
#  Implicit rule search has been done.
#  Last modified 2022-07-17 19:16:59.512031833
#  File has been updated.
#  Successfully updated.

# files hash-table stats:
# Load=41/1024=4%, Rehash=0, Collisions=4/123=3%
# VPATH Search Paths

# No 'vpath' search paths.

# No general ('VPATH' variable) search path.

# strcache buffers: 1 (0) / strings = 60 / storage = 1016 B / avg = 16 B
# current buf: size = 8162 B / used = 1016 B / count = 60 / avg = 16 B

# strcache performance: lookups = 104 / hit rate = 42%
# hash-table stats:
# Load=60/8192=1%, Rehash=0, Collisions=0/104=0%
# Finished Make data base on Fri Jul 22 21:15:59 2022

 
